[14:32:43.120] [INFO] storybook v10.1.4
[14:32:46.119] [DEBUG] Getting package.json info for C:/Projects/nexsoft-admin/package.json...
[14:32:46.135] [WARN] Could not resolve addon "@storybook/addon-essentials", skipping. Is it installed?
[14:32:46.142] [WARN] Could not resolve addon "@storybook/addon-interactions", skipping. Is it installed?
[14:32:46.229] [WARN] Could not resolve addon "@storybook/addon-essentials", skipping. Is it installed?
[14:32:46.230] [WARN] Could not resolve addon "@storybook/addon-interactions", skipping. Is it installed?
[14:32:46.697] [INFO] Starting...
[14:32:47.030] [DEBUG] Starting preview..
[14:32:48.447] [DEBUG] Using tsconfig paths for react-docgen
[14:32:48.448] [ERROR] Failed to build the preview
[14:32:48.450] [ERROR] [38;2;241;97;97mReferenceError: __dirname is not defined[39m
    at Object.viteFinal (file:///C:/Projects/nexsoft-admin/libs/ui/.storybook/main.ts:23:37)
    at file:///C:/Projects/nexsoft-admin/node_modules/storybook/dist/_node-chunks/chunk-QZJSO2TW.js:10134:36
    at async createViteServer (file:///C:/Projects/nexsoft-admin/node_modules/@storybook/builder-vite/dist/index.js:6410:21)
    at async Module.start (file:///C:/Projects/nexsoft-admin/node_modules/@storybook/builder-vite/dist/index.js:6435:17)
    at async storybookDevServer (file:///C:/Projects/nexsoft-admin/node_modules/storybook/dist/core-server/index.js:7180:82)
    at async buildOrThrow (file:///C:/Projects/nexsoft-admin/node_modules/storybook/dist/core-server/index.js:5556:12)
    at async buildDevStandalone (file:///C:/Projects/nexsoft-admin/node_modules/storybook/dist/core-server/index.js:7582:66)
    at async withTelemetry (file:///C:/Projects/nexsoft-admin/node_modules/storybook/dist/_node-chunks/chunk-6KX7N5UF.js:205:12)
    at async dev (file:///C:/Projects/nexsoft-admin/node_modules/storybook/dist/bin/core.js:2734:3)
    at async _Command.<anonymous> (file:///C:/Projects/nexsoft-admin/node_modules/storybook/dist/bin/core.js:2801:92)
[14:32:48.451] [WARN] Broken build, fix the error above.
You may need to refresh the browser.
[14:32:48.454] [WARN] Could not resolve addon "@storybook/addon-essentials", skipping. Is it installed?
[14:32:48.454] [WARN] Could not resolve addon "@storybook/addon-interactions", skipping. Is it installed?